Services & Notifications/FakePlayer/app/build/outputs/logs/manifest-merger-debug-report.txt
-- Merging decision tree log ---
manifest
ADDED from src/main/AndroidManifest.xml:2:1-34:12
INJECTED from src/main/AndroidManifest.xml:2:1-34:12
INJECTED from src/main/AndroidManifest.xml:2:1-34:12
MERGED from [com.android.support:support-core-utils:26.1.0] AndroidManifest.xml:17:1-31:12
MERGED from [com.android.support:support-compat:26.1.0] AndroidManifest.xml:17:1-31:12
MERGED from [android.arch.lifecycle:runtime:1.0.0] AndroidManifest.xml:17:1-30:12
INJECTED from src/main/AndroidManifest.xml:2:1-34:12
INJECTED from src/main/AndroidManifest.xml:2:1-34:12
	package
		ADDED from src/main/AndroidManifest.xml:3:2-46
	android:versionName
		ADDED from src/main/AndroidManifest.xml:5:2-27
		INJECTED from src/main/AndroidManifest.xml
		INJECTED from src/main/AndroidManifest.xml
	xmlns:android
		ADDED from src/main/AndroidManifest.xml:2:11-69
	android:versionCode
		ADDED from src/main/AndroidManifest.xml:4:2-25
		INJECTED from src/main/AndroidManifest.xml
		INJECTED from src/main/AndroidManifest.xml
supports-screens
ADDED from src/main/AndroidManifest.xml:7:2-11:32
	android:largeScreens
		ADDED from src/main/AndroidManifest.xml:9:3-30
	android:smallScreens
		ADDED from src/main/AndroidManifest.xml:11:3-30
	android:normalScreens
		ADDED from src/main/AndroidManifest.xml:10:3-31
	android:anyDensity
		ADDED from src/main/AndroidManifest.xml:8:3-28
uses-sdk
ADDED from src/main/AndroidManifest.xml:13:2-15:34
INJECTED from src/main/AndroidManifest.xml:13:2-15:34
MERGED from [com.android.support:support-core-utils:26.1.0] AndroidManifest.xml:21:5-23:61
MERGED from [com.android.support:support-core-utils:26.1.0] AndroidManifest.xml:21:5-23:61
MERGED from [com.android.support:support-compat:26.1.0] AndroidManifest.xml:21:5-23:58
MERGED from [com.android.support:support-compat:26.1.0] AndroidManifest.xml:21:5-23:58
MERGED from [android.arch.lifecycle:runtime:1.0.0] AndroidManifest.xml:20:5-22:41
MERGED from [android.arch.lifecycle:runtime:1.0.0] AndroidManifest.xml:20:5-22:41
INJECTED from src/main/AndroidManifest.xml:13:2-15:34
	tools:overrideLibrary
		ADDED from [com.android.support:support-core-utils:26.1.0] AndroidManifest.xml:23:9-58
	android:targetSdkVersion
		ADDED from src/main/AndroidManifest.xml:15:3-32
		INJECTED from src/main/AndroidManifest.xml
		INJECTED from src/main/AndroidManifest.xml
	android:minSdkVersion
		ADDED from src/main/AndroidManifest.xml:14:3-29
application
ADDED from src/main/AndroidManifest.xml:17:2-32:16
MERGED from [com.android.support:support-core-utils:26.1.0] AndroidManifest.xml:25:5-29:19
MERGED from [com.android.support:support-core-utils:26.1.0] AndroidManifest.xml:25:5-29:19
MERGED from [com.android.support:support-compat:26.1.0] AndroidManifest.xml:25:5-29:19
MERGED from [com.android.support:support-compat:26.1.0] AndroidManifest.xml:25:5-29:19
MERGED from [android.arch.lifecycle:runtime:1.0.0] AndroidManifest.xml:24:5-28:19
MERGED from [android.arch.lifecycle:runtime:1.0.0] AndroidManifest.xml:24:5-28:19
	android:label
		ADDED from src/main/AndroidManifest.xml:19:3-35
	android:icon
		ADDED from src/main/AndroidManifest.xml:18:3-39
	android:theme
		ADDED from src/main/AndroidManifest.xml:20:3-64
activity#com.commonsware.android.fakeplayer.FakePlayer
ADDED from src/main/AndroidManifest.xml:21:3-29:14
	android:label
		ADDED from src/main/AndroidManifest.xml:23:4-36
	android:name
		ADDED from src/main/AndroidManifest.xml:22:4-29
intent-filter#android.intent.action.MAIN+android.intent.category.LAUNCHER
ADDED from src/main/AndroidManifest.xml:24:4-28:20
action#android.intent.action.MAIN
ADDED from src/main/AndroidManifest.xml:25:5-56
	android:name
		ADDED from src/main/AndroidManifest.xml:25:13-54
category#android.intent.category.LAUNCHER
ADDED from src/main/AndroidManifest.xml:27:5-64
	android:name
		ADDED from src/main/AndroidManifest.xml:27:15-62
service#com.commonsware.android.fakeplayer.PlayerService
ADDED from src/main/AndroidManifest.xml:31:3-42
	android:name
		ADDED from src/main/AndroidManifest.xml:31:12-40
meta-data#android.support.VERSION
ADDED from [com.android.support:support-core-utils:26.1.0] AndroidManifest.xml:26:9-28:38
MERGED from [com.android.support:support-compat:26.1.0] AndroidManifest.xml:26:9-28:38
MERGED from [com.android.support:support-compat:26.1.0] AndroidManifest.xml:26:9-28:38
	android:value
		ADDED from [com.android.support:support-core-utils:26.1.0] AndroidManifest.xml:28:13-35
	android:name
		ADDED from [com.android.support:support-core-utils:26.1.0] AndroidManifest.xml:27:13-51
meta-data#android.arch.lifecycle.VERSION
ADDED from [android.arch.lifecycle:runtime:1.0.0] AndroidManifest.xml:25:9-27:47
	android:value
		ADDED from [android.arch.lifecycle:runtime:1.0.0] AndroidManifest.xml:27:13-44
	android:name
		ADDED from [android.arch.lifecycle:runtime:1.0.0] AndroidManifest.xml:26:13-58